апр. 11, 2025 7:46:22 PM buildings.Tower setDesign
INFO: Внешний вид башни установлен: 💖
апр. 11, 2025 7:46:22 PM buildings.Tower <init>
INFO: Создана башня с типом эффекта: 1
апр. 11, 2025 7:46:22 PM buildings.Tower setDesign
INFO: Внешний вид башни установлен: 💖
апр. 11, 2025 7:46:22 PM buildings.Tower <init>
INFO: Создана башня с типом эффекта: 1
апр. 11, 2025 7:46:22 PM buildings.Tower setDesign
INFO: Внешний вид башни установлен: 🚫
апр. 11, 2025 7:46:22 PM buildings.Tower <init>
INFO: Создана башня с типом эффекта: 2
апр. 11, 2025 7:46:22 PM buildings.Tower setDesign
INFO: Внешний вид башни установлен: 💖
апр. 11, 2025 7:46:22 PM buildings.Tower <init>
INFO: Создана башня с типом эффекта: 1
апр. 11, 2025 7:46:22 PM buildings.Tower setDesign
INFO: Внешний вид башни установлен: 💖
апр. 11, 2025 7:46:22 PM buildings.Tower <init>
INFO: Создана башня с типом эффекта: 1
апр. 11, 2025 7:46:22 PM buildings.Tower setDesign
INFO: Внешний вид башни установлен: 🗡️
апр. 11, 2025 7:46:22 PM buildings.Tower <init>
INFO: Создана башня с типом эффекта: 0
апр. 11, 2025 7:48:06 PM buildings.Tower effect
INFO: Применение эффекта башни к герою. Тип эффекта: 1
апр. 11, 2025 7:48:06 PM buildings.Tower effect
INFO: Башня исцелила героя на 7. Текущее здоровье: 107
апр. 11, 2025 7:48:17 PM buildings.Tower effect
INFO: Применение эффекта башни к герою. Тип эффекта: 1
апр. 11, 2025 7:48:17 PM buildings.Tower effect
INFO: Башня исцелила героя на 7. Текущее здоровье: 107
апр. 11, 2025 7:49:07 PM buildings.Tower effect
INFO: Применение эффекта башни к герою. Тип эффекта: 1
апр. 11, 2025 7:49:07 PM buildings.Tower effect
INFO: Башня исцелила героя на 7. Текущее здоровье: 107
апр. 11, 2025 7:49:35 PM buildings.Tower effect
INFO: Применение эффекта башни к герою. Тип эффекта: 2
апр. 11, 2025 7:49:35 PM buildings.Tower effect
INFO: Герой пропускает ход. Осталось ходов: 9
апр. 11, 2025 7:50:16 PM buildings.Tower setDesign
INFO: Внешний вид башни установлен: 🚫
апр. 11, 2025 7:50:16 PM buildings.Tower <init>
INFO: Создана башня с типом эффекта: 2
апр. 11, 2025 7:50:16 PM buildings.Tower setDesign
INFO: Внешний вид башни установлен: 🚫
апр. 11, 2025 7:50:16 PM buildings.Tower <init>
INFO: Создана башня с типом эффекта: 2
апр. 11, 2025 7:50:16 PM buildings.Tower setDesign
INFO: Внешний вид башни установлен: 🚫
апр. 11, 2025 7:50:16 PM buildings.Tower <init>
INFO: Создана башня с типом эффекта: 2
апр. 11, 2025 7:50:16 PM buildings.Tower setDesign
INFO: Внешний вид башни установлен: 🚫
апр. 11, 2025 7:50:16 PM buildings.Tower <init>
INFO: Создана башня с типом эффекта: 2
апр. 11, 2025 7:50:16 PM buildings.Tower setDesign
INFO: Внешний вид башни установлен: 🗡️
апр. 11, 2025 7:50:16 PM buildings.Tower <init>
INFO: Создана башня с типом эффекта: 0
апр. 11, 2025 7:50:16 PM buildings.Tower setDesign
INFO: Внешний вид башни установлен: 💖
апр. 11, 2025 7:50:16 PM buildings.Tower <init>
INFO: Создана башня с типом эффекта: 1
апр. 11, 2025 7:50:16 PM buildings.Tower setDesign
INFO: Внешний вид башни установлен: 💖
апр. 11, 2025 7:50:16 PM buildings.Tower <init>
INFO: Создана башня с типом эффекта: 1
апр. 11, 2025 7:50:24 PM buildings.Tower effect
INFO: Применение эффекта башни к герою. Тип эффекта: 0
апр. 11, 2025 7:50:24 PM buildings.Tower effect
WARNING: Башня нанесла 5 урона герою.
апр. 11, 2025 7:56:39 PM buildings.Tower setDesign
INFO: Внешний вид башни установлен: 🚫
апр. 11, 2025 7:56:39 PM buildings.Tower <init>
INFO: Создана башня с типом эффекта: 2
апр. 11, 2025 7:56:39 PM buildings.Tower setDesign
INFO: Внешний вид башни установлен: 🗡️
апр. 11, 2025 7:56:39 PM buildings.Tower <init>
INFO: Создана башня с типом эффекта: 0
апр. 11, 2025 7:56:39 PM buildings.Tower setDesign
INFO: Внешний вид башни установлен: 🚫
апр. 11, 2025 7:56:39 PM buildings.Tower <init>
INFO: Создана башня с типом эффекта: 2
апр. 11, 2025 7:56:39 PM buildings.Tower setDesign
INFO: Внешний вид башни установлен: 🚫
апр. 11, 2025 7:56:39 PM buildings.Tower <init>
INFO: Создана башня с типом эффекта: 2
апр. 11, 2025 7:56:39 PM buildings.Tower setDesign
INFO: Внешний вид башни установлен: 🚫
апр. 11, 2025 7:56:39 PM buildings.Tower <init>
INFO: Создана башня с типом эффекта: 2
апр. 11, 2025 7:56:39 PM buildings.Tower setDesign
INFO: Внешний вид башни установлен: 💖
апр. 11, 2025 7:56:39 PM buildings.Tower <init>
INFO: Создана башня с типом эффекта: 1
апр. 11, 2025 7:56:54 PM buildings.Tower effect
INFO: Применение эффекта башни к герою. Тип эффекта: 1
апр. 11, 2025 7:56:54 PM buildings.Tower effect
INFO: Башня исцелила героя на 7. Текущее здоровье: 107
апр. 11, 2025 7:56:54 PM buildings.Tower effect
SEVERE: Здоровье максимально!
апр. 11, 2025 8:08:49 PM buildings.Tower setDesign
INFO: Внешний вид башни установлен: 🗡️
апр. 11, 2025 8:08:49 PM buildings.Tower <init>
INFO: Создана башня с типом эффекта: 0
апр. 11, 2025 8:08:49 PM buildings.Tower setDesign
INFO: Внешний вид башни установлен: 🚫
апр. 11, 2025 8:08:49 PM buildings.Tower <init>
INFO: Создана башня с типом эффекта: 2
апр. 11, 2025 8:08:49 PM buildings.Tower setDesign
INFO: Внешний вид башни установлен: 🗡️
апр. 11, 2025 8:08:49 PM buildings.Tower <init>
INFO: Создана башня с типом эффекта: 0
апр. 11, 2025 8:08:49 PM buildings.Tower setDesign
INFO: Внешний вид башни установлен: 🚫
апр. 11, 2025 8:08:49 PM buildings.Tower <init>
INFO: Создана башня с типом эффекта: 2
апр. 11, 2025 8:08:49 PM buildings.Tower setDesign
INFO: Внешний вид башни установлен: 🗡️
апр. 11, 2025 8:08:49 PM buildings.Tower <init>
INFO: Создана башня с типом эффекта: 0
апр. 11, 2025 8:08:49 PM buildings.Tower setDesign
INFO: Внешний вид башни установлен: 💖
апр. 11, 2025 8:08:49 PM buildings.Tower <init>
INFO: Создана башня с типом эффекта: 1
апр. 11, 2025 8:08:49 PM buildings.Tower setDesign
INFO: Внешний вид башни установлен: 🚫
апр. 11, 2025 8:08:49 PM buildings.Tower <init>
INFO: Создана башня с типом эффекта: 2
апр. 11, 2025 8:08:49 PM buildings.Tower setDesign
INFO: Внешний вид башни установлен: 🚫
апр. 11, 2025 8:08:49 PM buildings.Tower <init>
INFO: Создана башня с типом эффекта: 2
апр. 11, 2025 8:08:49 PM buildings.Tower setDesign
INFO: Внешний вид башни установлен: 🚫
апр. 11, 2025 8:08:49 PM buildings.Tower <init>
INFO: Создана башня с типом эффекта: 2
апр. 11, 2025 8:08:49 PM buildings.Tower setDesign
INFO: Внешний вид башни установлен: 🚫
апр. 11, 2025 8:08:49 PM buildings.Tower <init>
INFO: Создана башня с типом эффекта: 2
апр. 11, 2025 8:08:58 PM buildings.Tower effect
INFO: Применение эффекта башни к герою. Тип эффекта: 2
апр. 11, 2025 8:08:58 PM buildings.Tower effect
INFO: Герой пропускает ход. Осталось ходов: 39
апр. 11, 2025 8:08:59 PM buildings.Tower effect
INFO: Применение эффекта башни к герою. Тип эффекта: 2
апр. 11, 2025 8:08:59 PM buildings.Tower effect
INFO: Герой пропускает ход. Осталось ходов: 38
апр. 11, 2025 8:09:00 PM buildings.Tower effect
INFO: Применение эффекта башни к герою. Тип эффекта: 2
апр. 11, 2025 8:09:00 PM buildings.Tower effect
INFO: Герой пропускает ход. Осталось ходов: 37
апр. 11, 2025 8:09:00 PM buildings.Tower effect
INFO: Применение эффекта башни к герою. Тип эффекта: 2
апр. 11, 2025 8:09:00 PM buildings.Tower effect
INFO: Герой пропускает ход. Осталось ходов: 36
апр. 11, 2025 8:09:01 PM buildings.Tower effect
INFO: Применение эффекта башни к герою. Тип эффекта: 2
апр. 11, 2025 8:09:01 PM buildings.Tower effect
INFO: Герой пропускает ход. Осталось ходов: 35
апр. 11, 2025 8:09:02 PM buildings.Tower effect
INFO: Применение эффекта башни к герою. Тип эффекта: 2
апр. 11, 2025 8:09:02 PM buildings.Tower effect
INFO: Герой пропускает ход. Осталось ходов: 34
апр. 11, 2025 8:09:02 PM buildings.Tower effect
INFO: Применение эффекта башни к герою. Тип эффекта: 2
апр. 11, 2025 8:09:02 PM buildings.Tower effect
INFO: Герой пропускает ход. Осталось ходов: 33
апр. 11, 2025 8:09:03 PM buildings.Tower effect
INFO: Применение эффекта башни к герою. Тип эффекта: 2
апр. 11, 2025 8:09:03 PM buildings.Tower effect
INFO: Герой пропускает ход. Осталось ходов: 32
апр. 11, 2025 8:09:03 PM buildings.Tower effect
INFO: Применение эффекта башни к герою. Тип эффекта: 2
апр. 11, 2025 8:09:03 PM buildings.Tower effect
INFO: Герой пропускает ход. Осталось ходов: 31
апр. 11, 2025 8:09:04 PM buildings.Tower effect
INFO: Применение эффекта башни к герою. Тип эффекта: 2
апр. 11, 2025 8:09:04 PM buildings.Tower effect
INFO: Герой пропускает ход. Осталось ходов: 30
апр. 11, 2025 8:09:04 PM buildings.Tower effect
INFO: Применение эффекта башни к герою. Тип эффекта: 2
апр. 11, 2025 8:09:04 PM buildings.Tower effect
INFO: Герой пропускает ход. Осталось ходов: 29
апр. 11, 2025 8:09:04 PM buildings.Tower effect
INFO: Применение эффекта башни к герою. Тип эффекта: 2
апр. 11, 2025 8:09:04 PM buildings.Tower effect
INFO: Герой пропускает ход. Осталось ходов: 28
апр. 11, 2025 8:09:05 PM buildings.Tower effect
INFO: Применение эффекта башни к герою. Тип эффекта: 2
апр. 11, 2025 8:09:05 PM buildings.Tower effect
INFO: Герой пропускает ход. Осталось ходов: 27
апр. 11, 2025 8:09:05 PM buildings.Tower effect
INFO: Применение эффекта башни к герою. Тип эффекта: 2
апр. 11, 2025 8:09:05 PM buildings.Tower effect
INFO: Герой пропускает ход. Осталось ходов: 26
апр. 11, 2025 8:09:05 PM buildings.Tower effect
INFO: Применение эффекта башни к герою. Тип эффекта: 2
апр. 11, 2025 8:09:05 PM buildings.Tower effect
INFO: Герой пропускает ход. Осталось ходов: 25
апр. 11, 2025 8:09:06 PM buildings.Tower effect
INFO: Применение эффекта башни к герою. Тип эффекта: 2
апр. 11, 2025 8:09:06 PM buildings.Tower effect
INFO: Герой пропускает ход. Осталось ходов: 24
апр. 11, 2025 8:09:06 PM buildings.Tower effect
INFO: Применение эффекта башни к герою. Тип эффекта: 2
апр. 11, 2025 8:09:06 PM buildings.Tower effect
INFO: Герой пропускает ход. Осталось ходов: 23
апр. 11, 2025 8:09:06 PM buildings.Tower effect
INFO: Применение эффекта башни к герою. Тип эффекта: 2
апр. 11, 2025 8:09:06 PM buildings.Tower effect
INFO: Герой пропускает ход. Осталось ходов: 22
апр. 11, 2025 8:09:06 PM buildings.Tower effect
INFO: Применение эффекта башни к герою. Тип эффекта: 2
апр. 11, 2025 8:09:06 PM buildings.Tower effect
INFO: Герой пропускает ход. Осталось ходов: 21
апр. 11, 2025 8:09:07 PM buildings.Tower effect
INFO: Применение эффекта башни к герою. Тип эффекта: 2
апр. 11, 2025 8:09:07 PM buildings.Tower effect
INFO: Герой пропускает ход. Осталось ходов: 20
апр. 11, 2025 8:09:07 PM buildings.Tower effect
INFO: Применение эффекта башни к герою. Тип эффекта: 2
апр. 11, 2025 8:09:07 PM buildings.Tower effect
INFO: Герой пропускает ход. Осталось ходов: 19
апр. 11, 2025 8:09:07 PM buildings.Tower effect
INFO: Применение эффекта башни к герою. Тип эффекта: 2
апр. 11, 2025 8:09:07 PM buildings.Tower effect
INFO: Герой пропускает ход. Осталось ходов: 18
апр. 11, 2025 8:09:07 PM buildings.Tower effect
INFO: Применение эффекта башни к герою. Тип эффекта: 2
апр. 11, 2025 8:09:07 PM buildings.Tower effect
INFO: Герой пропускает ход. Осталось ходов: 17
апр. 11, 2025 8:09:08 PM buildings.Tower effect
INFO: Применение эффекта башни к герою. Тип эффекта: 2
апр. 11, 2025 8:09:08 PM buildings.Tower effect
INFO: Герой пропускает ход. Осталось ходов: 16
апр. 11, 2025 8:09:08 PM buildings.Tower effect
INFO: Применение эффекта башни к герою. Тип эффекта: 2
апр. 11, 2025 8:09:08 PM buildings.Tower effect
INFO: Герой пропускает ход. Осталось ходов: 15
апр. 11, 2025 8:09:08 PM buildings.Tower effect
INFO: Применение эффекта башни к герою. Тип эффекта: 2
апр. 11, 2025 8:09:08 PM buildings.Tower effect
INFO: Герой пропускает ход. Осталось ходов: 14
апр. 11, 2025 8:09:08 PM buildings.Tower effect
INFO: Применение эффекта башни к герою. Тип эффекта: 2
апр. 11, 2025 8:09:08 PM buildings.Tower effect
INFO: Герой пропускает ход. Осталось ходов: 13
апр. 11, 2025 8:09:09 PM buildings.Tower effect
INFO: Применение эффекта башни к герою. Тип эффекта: 2
апр. 11, 2025 8:09:09 PM buildings.Tower effect
INFO: Герой пропускает ход. Осталось ходов: 12
апр. 11, 2025 8:09:09 PM buildings.Tower effect
INFO: Применение эффекта башни к герою. Тип эффекта: 2
апр. 11, 2025 8:09:09 PM buildings.Tower effect
INFO: Герой пропускает ход. Осталось ходов: 11
апр. 11, 2025 8:09:09 PM buildings.Tower effect
INFO: Применение эффекта башни к герою. Тип эффекта: 2
апр. 11, 2025 8:09:09 PM buildings.Tower effect
INFO: Герой пропускает ход. Осталось ходов: 10
апр. 11, 2025 8:09:10 PM buildings.Tower effect
INFO: Применение эффекта башни к герою. Тип эффекта: 2
апр. 11, 2025 8:09:10 PM buildings.Tower effect
INFO: Герой пропускает ход. Осталось ходов: 9
апр. 11, 2025 8:09:10 PM buildings.Tower effect
INFO: Применение эффекта башни к герою. Тип эффекта: 2
апр. 11, 2025 8:09:10 PM buildings.Tower effect
INFO: Герой пропускает ход. Осталось ходов: 8
апр. 11, 2025 8:09:10 PM buildings.Tower effect
INFO: Применение эффекта башни к герою. Тип эффекта: 2
апр. 11, 2025 8:09:10 PM buildings.Tower effect
INFO: Герой пропускает ход. Осталось ходов: 7
апр. 11, 2025 8:09:10 PM buildings.Tower effect
INFO: Применение эффекта башни к герою. Тип эффекта: 2
апр. 11, 2025 8:09:10 PM buildings.Tower effect
INFO: Герой пропускает ход. Осталось ходов: 6
апр. 11, 2025 8:09:11 PM buildings.Tower effect
INFO: Применение эффекта башни к герою. Тип эффекта: 2
апр. 11, 2025 8:09:11 PM buildings.Tower effect
INFO: Герой пропускает ход. Осталось ходов: 5
апр. 11, 2025 8:09:11 PM buildings.Tower effect
INFO: Применение эффекта башни к герою. Тип эффекта: 2
апр. 11, 2025 8:09:11 PM buildings.Tower effect
INFO: Герой пропускает ход. Осталось ходов: 4
апр. 11, 2025 8:09:11 PM buildings.Tower effect
INFO: Применение эффекта башни к герою. Тип эффекта: 2
апр. 11, 2025 8:09:11 PM buildings.Tower effect
INFO: Герой пропускает ход. Осталось ходов: 3
апр. 11, 2025 8:09:12 PM buildings.Tower effect
INFO: Применение эффекта башни к герою. Тип эффекта: 2
апр. 11, 2025 8:09:12 PM buildings.Tower effect
INFO: Герой пропускает ход. Осталось ходов: 2
апр. 11, 2025 8:09:13 PM buildings.Tower effect
INFO: Применение эффекта башни к герою. Тип эффекта: 2
апр. 11, 2025 8:09:13 PM buildings.Tower effect
INFO: Герой пропускает ход. Осталось ходов: 1
апр. 11, 2025 8:09:13 PM buildings.Tower effect
INFO: Применение эффекта башни к герою. Тип эффекта: 2
апр. 11, 2025 8:09:13 PM buildings.Tower effect
INFO: Герой пропускает ход. Осталось ходов: 0
апр. 11, 2025 8:12:21 PM buildings.Tower setDesign
INFO: Внешний вид башни установлен: 🗡️
апр. 11, 2025 8:12:21 PM buildings.Tower <init>
INFO: Создана башня с типом эффекта: 0
апр. 11, 2025 8:12:21 PM buildings.Tower setDesign
INFO: Внешний вид башни установлен: 🚫
апр. 11, 2025 8:12:21 PM buildings.Tower <init>
INFO: Создана башня с типом эффекта: 2
апр. 11, 2025 8:12:21 PM buildings.Tower setDesign
INFO: Внешний вид башни установлен: 💖
апр. 11, 2025 8:12:21 PM buildings.Tower <init>
INFO: Создана башня с типом эффекта: 1
апр. 11, 2025 8:12:21 PM buildings.Tower setDesign
INFO: Внешний вид башни установлен: 🗡️
апр. 11, 2025 8:12:21 PM buildings.Tower <init>
INFO: Создана башня с типом эффекта: 0
апр. 11, 2025 8:12:21 PM buildings.Tower setDesign
INFO: Внешний вид башни установлен: 🚫
апр. 11, 2025 8:12:21 PM buildings.Tower <init>
INFO: Создана башня с типом эффекта: 2
апр. 11, 2025 8:12:21 PM buildings.Tower setDesign
INFO: Внешний вид башни установлен: 🚫
апр. 11, 2025 8:12:21 PM buildings.Tower <init>
INFO: Создана башня с типом эффекта: 2
апр. 11, 2025 8:12:21 PM buildings.Tower setDesign
INFO: Внешний вид башни установлен: 🚫
апр. 11, 2025 8:12:21 PM buildings.Tower <init>
INFO: Создана башня с типом эффекта: 2
апр. 11, 2025 8:12:40 PM buildings.Tower effect
INFO: Применение эффекта башни к герою. Тип эффекта: 0
апр. 11, 2025 8:12:41 PM buildings.Tower effect
WARNING: Башня нанесла 5 урона герою.
апр. 11, 2025 8:12:42 PM buildings.Tower effect
INFO: Применение эффекта башни к герою. Тип эффекта: 0
апр. 11, 2025 8:12:42 PM buildings.Tower effect
WARNING: Башня нанесла 5 урона герою.
апр. 11, 2025 8:12:44 PM buildings.Tower effect
INFO: Применение эффекта башни к герою. Тип эффекта: 0
апр. 11, 2025 8:12:44 PM buildings.Tower effect
WARNING: Башня нанесла 5 урона герою.
апр. 11, 2025 8:12:44 PM buildings.Tower effect
INFO: Применение эффекта башни к герою. Тип эффекта: 0
апр. 11, 2025 8:12:44 PM buildings.Tower effect
WARNING: Башня нанесла 5 урона герою.
апр. 11, 2025 8:12:45 PM buildings.Tower effect
INFO: Применение эффекта башни к герою. Тип эффекта: 0
апр. 11, 2025 8:12:45 PM buildings.Tower effect
WARNING: Башня нанесла 5 урона герою.
апр. 11, 2025 8:12:45 PM buildings.Tower effect
INFO: Применение эффекта башни к герою. Тип эффекта: 0
апр. 11, 2025 8:12:45 PM buildings.Tower effect
WARNING: Башня нанесла 5 урона герою.
апр. 11, 2025 8:12:46 PM buildings.Tower effect
INFO: Применение эффекта башни к герою. Тип эффекта: 0
апр. 11, 2025 8:12:46 PM buildings.Tower effect
WARNING: Башня нанесла 5 урона герою.
апр. 11, 2025 8:12:48 PM buildings.Tower effect
INFO: Применение эффекта башни к герою. Тип эффекта: 0
апр. 11, 2025 8:12:48 PM buildings.Tower effect
WARNING: Башня нанесла 5 урона герою.
апр. 11, 2025 8:12:49 PM buildings.Tower effect
INFO: Применение эффекта башни к герою. Тип эффекта: 0
апр. 11, 2025 8:12:49 PM buildings.Tower effect
WARNING: Башня нанесла 5 урона герою.
апр. 11, 2025 8:12:50 PM buildings.Tower effect
INFO: Применение эффекта башни к герою. Тип эффекта: 0
апр. 11, 2025 8:12:50 PM buildings.Tower effect
WARNING: Башня нанесла 5 урона герою.
апр. 11, 2025 8:12:51 PM buildings.Tower effect
INFO: Применение эффекта башни к герою. Тип эффекта: 0
апр. 11, 2025 8:12:51 PM buildings.Tower effect
WARNING: Башня нанесла 5 урона герою.
апр. 11, 2025 8:12:52 PM buildings.Tower effect
INFO: Применение эффекта башни к герою. Тип эффекта: 0
апр. 11, 2025 8:12:52 PM buildings.Tower effect
WARNING: Башня нанесла 5 урона герою.
апр. 11, 2025 8:12:53 PM buildings.Tower effect
INFO: Применение эффекта башни к герою. Тип эффекта: 0
апр. 11, 2025 8:12:53 PM buildings.Tower effect
WARNING: Башня нанесла 5 урона герою.
апр. 11, 2025 8:12:53 PM buildings.Tower effect
INFO: Применение эффекта башни к герою. Тип эффекта: 0
апр. 11, 2025 8:12:53 PM buildings.Tower effect
WARNING: Башня нанесла 5 урона герою.
апр. 11, 2025 8:12:54 PM buildings.Tower effect
INFO: Применение эффекта башни к герою. Тип эффекта: 0
апр. 11, 2025 8:12:54 PM buildings.Tower effect
WARNING: Башня нанесла 5 урона герою.
апр. 11, 2025 8:12:55 PM buildings.Tower effect
INFO: Применение эффекта башни к герою. Тип эффекта: 0
апр. 11, 2025 8:12:55 PM buildings.Tower effect
WARNING: Башня нанесла 5 урона герою.
апр. 11, 2025 8:12:56 PM buildings.Tower effect
INFO: Применение эффекта башни к герою. Тип эффекта: 0
апр. 11, 2025 8:12:56 PM buildings.Tower effect
WARNING: Башня нанесла 5 урона герою.
апр. 11, 2025 8:12:56 PM buildings.Tower effect
INFO: Применение эффекта башни к герою. Тип эффекта: 0
апр. 11, 2025 8:12:56 PM buildings.Tower effect
WARNING: Башня нанесла 5 урона герою.
апр. 11, 2025 8:12:57 PM buildings.Tower effect
INFO: Применение эффекта башни к герою. Тип эффекта: 0
апр. 11, 2025 8:12:57 PM buildings.Tower effect
WARNING: Башня нанесла 5 урона герою.
апр. 11, 2025 8:12:58 PM buildings.Tower effect
INFO: Применение эффекта башни к герою. Тип эффекта: 0
апр. 11, 2025 8:12:58 PM Hero.Hero takeDamage
SEVERE: Ваш герой уничтожен! Игра завершена.
апр. 11, 2025 8:12:58 PM Hero.Hero endGame
SEVERE: Игра завершена.
апр. 11, 2025 8:18:05 PM buildings.Tower setDesign
INFO: Внешний вид башни установлен: 💖
апр. 11, 2025 8:18:05 PM buildings.Tower <init>
INFO: Создана башня с типом эффекта: 1
апр. 11, 2025 8:18:05 PM buildings.Tower setDesign
INFO: Внешний вид башни установлен: 🗡️
апр. 11, 2025 8:18:05 PM buildings.Tower <init>
INFO: Создана башня с типом эффекта: 0
апр. 11, 2025 8:18:05 PM buildings.Tower setDesign
INFO: Внешний вид башни установлен: 🚫
апр. 11, 2025 8:18:05 PM buildings.Tower <init>
INFO: Создана башня с типом эффекта: 2
апр. 11, 2025 8:18:05 PM buildings.Tower setDesign
INFO: Внешний вид башни установлен: 💖
апр. 11, 2025 8:18:05 PM buildings.Tower <init>
INFO: Создана башня с типом эффекта: 1
апр. 11, 2025 8:18:05 PM buildings.Tower setDesign
INFO: Внешний вид башни установлен: 🚫
апр. 11, 2025 8:18:05 PM buildings.Tower <init>
INFO: Создана башня с типом эффекта: 2
апр. 11, 2025 8:18:05 PM buildings.Tower setDesign
INFO: Внешний вид башни установлен: 🗡️
апр. 11, 2025 8:18:05 PM buildings.Tower <init>
INFO: Создана башня с типом эффекта: 0
апр. 11, 2025 8:18:05 PM buildings.Tower setDesign
INFO: Внешний вид башни установлен: 💖
апр. 11, 2025 8:18:05 PM buildings.Tower <init>
INFO: Создана башня с типом эффекта: 1
апр. 11, 2025 8:18:05 PM buildings.Tower setDesign
INFO: Внешний вид башни установлен: 🗡️
апр. 11, 2025 8:18:05 PM buildings.Tower <init>
INFO: Создана башня с типом эффекта: 0
апр. 11, 2025 8:18:20 PM battlef.BattleField playerTurn
INFO: Начался ход игрока.
апр. 11, 2025 8:19:56 PM buildings.Tower setDesign
INFO: Внешний вид башни установлен: 🚫
апр. 11, 2025 8:19:56 PM buildings.Tower <init>
INFO: Создана башня с типом эффекта: 2
апр. 11, 2025 8:19:56 PM buildings.Tower setDesign
INFO: Внешний вид башни установлен: 🚫
апр. 11, 2025 8:19:56 PM buildings.Tower <init>
INFO: Создана башня с типом эффекта: 2
апр. 11, 2025 8:19:56 PM buildings.Tower setDesign
INFO: Внешний вид башни установлен: 🗡️
апр. 11, 2025 8:19:56 PM buildings.Tower <init>
INFO: Создана башня с типом эффекта: 0
апр. 11, 2025 8:19:56 PM buildings.Tower setDesign
INFO: Внешний вид башни установлен: 🚫
апр. 11, 2025 8:19:56 PM buildings.Tower <init>
INFO: Создана башня с типом эффекта: 2
апр. 11, 2025 8:19:56 PM buildings.Tower setDesign
INFO: Внешний вид башни установлен: 💖
апр. 11, 2025 8:19:56 PM buildings.Tower <init>
INFO: Создана башня с типом эффекта: 1
апр. 11, 2025 8:20:05 PM battlef.BattleField playerTurn
INFO: Начался ход игрока.
апр. 11, 2025 8:20:12 PM battlef.BattleField enemyTurn
INFO: Враг начинает действие.
апр. 11, 2025 8:20:13 PM battlef.BattleField playerTurn
INFO: Начался ход игрока.
апр. 11, 2025 8:20:20 PM battlef.BattleField enemyTurn
INFO: Враг начинает действие.
апр. 11, 2025 8:20:21 PM battlef.BattleField playerTurn
INFO: Начался ход игрока.
апр. 11, 2025 8:29:21 PM buildings.Tower setDesign
INFO: Внешний вид башни установлен: 🚫
апр. 11, 2025 8:29:21 PM buildings.Tower <init>
INFO: Создана башня с типом эффекта: 2
апр. 11, 2025 8:29:21 PM buildings.Tower setDesign
INFO: Внешний вид башни установлен: 🚫
апр. 11, 2025 8:29:21 PM buildings.Tower <init>
INFO: Создана башня с типом эффекта: 2
апр. 11, 2025 8:29:21 PM buildings.Tower setDesign
INFO: Внешний вид башни установлен: 🗡️
апр. 11, 2025 8:29:21 PM buildings.Tower <init>
INFO: Создана башня с типом эффекта: 0
апр. 11, 2025 8:29:21 PM buildings.Tower setDesign
INFO: Внешний вид башни установлен: 🚫
апр. 11, 2025 8:29:21 PM buildings.Tower <init>
INFO: Создана башня с типом эффекта: 2
апр. 11, 2025 8:29:21 PM buildings.Tower setDesign
INFO: Внешний вид башни установлен: 🗡️
апр. 11, 2025 8:29:21 PM buildings.Tower <init>
INFO: Создана башня с типом эффекта: 0
апр. 11, 2025 8:29:21 PM buildings.Tower setDesign
INFO: Внешний вид башни установлен: 💖
апр. 11, 2025 8:29:21 PM buildings.Tower <init>
INFO: Создана башня с типом эффекта: 1
апр. 11, 2025 8:29:21 PM buildings.Tower setDesign
INFO: Внешний вид башни установлен: 🗡️
апр. 11, 2025 8:29:21 PM buildings.Tower <init>
INFO: Создана башня с типом эффекта: 0
апр. 11, 2025 8:29:21 PM buildings.Tower setDesign
INFO: Внешний вид башни установлен: 🚫
апр. 11, 2025 8:29:21 PM buildings.Tower <init>
INFO: Создана башня с типом эффекта: 2
апр. 11, 2025 8:29:21 PM buildings.Tower setDesign
INFO: Внешний вид башни установлен: 💖
апр. 11, 2025 8:29:21 PM buildings.Tower <init>
INFO: Создана башня с типом эффекта: 1
апр. 11, 2025 8:29:31 PM buildings.Tower effect
INFO: Применение эффекта башни к герою. Тип эффекта: 0
апр. 11, 2025 8:29:31 PM buildings.Tower effect
WARNING: Башня нанесла 5 урона герою.
апр. 11, 2025 9:03:35 PM buildings.Tower setDesign
INFO: Внешний вид башни установлен: 💖
апр. 11, 2025 9:03:35 PM buildings.Tower <init>
INFO: Создана башня с типом эффекта: 1
апр. 11, 2025 9:03:35 PM buildings.Tower setDesign
INFO: Внешний вид башни установлен: 🗡️
апр. 11, 2025 9:03:35 PM buildings.Tower <init>
INFO: Создана башня с типом эффекта: 0
апр. 11, 2025 9:03:35 PM buildings.Tower setDesign
INFO: Внешний вид башни установлен: 🗡️
апр. 11, 2025 9:03:35 PM buildings.Tower <init>
INFO: Создана башня с типом эффекта: 0
апр. 11, 2025 9:03:35 PM buildings.Tower setDesign
INFO: Внешний вид башни установлен: 🚫
апр. 11, 2025 9:03:35 PM buildings.Tower <init>
INFO: Создана башня с типом эффекта: 2
апр. 11, 2025 9:03:35 PM buildings.Tower setDesign
INFO: Внешний вид башни установлен: 💖
апр. 11, 2025 9:03:35 PM buildings.Tower <init>
INFO: Создана башня с типом эффекта: 1
апр. 11, 2025 9:03:35 PM buildings.Tower setDesign
INFO: Внешний вид башни установлен: 🗡️
апр. 11, 2025 9:03:35 PM buildings.Tower <init>
INFO: Создана башня с типом эффекта: 0
апр. 11, 2025 9:15:25 PM battlef.BattleField playerTurn
INFO: Начался ход игрока.
апр. 11, 2025 9:22:31 PM battlef.BattleField playerTurn
INFO: Начался ход игрока.
апр. 11, 2025 9:22:47 PM battlef.BattleField playerTurn
INFO: Начался ход игрока.
апр. 11, 2025 9:31:01 PM battlef.BattleField playerTurn
INFO: Начался ход игрока.
апр. 12, 2025 11:04:52 AM buildings.Tower setDesign
INFO: Внешний вид башни установлен: 🚫
апр. 12, 2025 11:04:52 AM buildings.Tower <init>
INFO: Создана башня с типом эффекта: 2
апр. 12, 2025 11:04:52 AM buildings.Tower setDesign
INFO: Внешний вид башни установлен: 🚫
апр. 12, 2025 11:04:52 AM buildings.Tower <init>
INFO: Создана башня с типом эффекта: 2
апр. 12, 2025 11:04:52 AM buildings.Tower setDesign
INFO: Внешний вид башни установлен: 🗡️
апр. 12, 2025 11:04:52 AM buildings.Tower <init>
INFO: Создана башня с типом эффекта: 0
апр. 12, 2025 11:04:52 AM buildings.Tower setDesign
INFO: Внешний вид башни установлен: 🗡️
апр. 12, 2025 11:04:52 AM buildings.Tower <init>
INFO: Создана башня с типом эффекта: 0
апр. 12, 2025 11:04:52 AM buildings.Tower setDesign
INFO: Внешний вид башни установлен: 🗡️
апр. 12, 2025 11:04:52 AM buildings.Tower <init>
INFO: Создана башня с типом эффекта: 0
апр. 12, 2025 11:04:52 AM buildings.Tower setDesign
INFO: Внешний вид башни установлен: 🚫
апр. 12, 2025 11:04:52 AM buildings.Tower <init>
INFO: Создана башня с типом эффекта: 2
апр. 12, 2025 11:04:52 AM buildings.Tower setDesign
INFO: Внешний вид башни установлен: 🚫
апр. 12, 2025 11:04:52 AM buildings.Tower <init>
INFO: Создана башня с типом эффекта: 2
апр. 12, 2025 11:04:52 AM buildings.Tower setDesign
INFO: Внешний вид башни установлен: 🗡️
апр. 12, 2025 11:04:52 AM buildings.Tower <init>
INFO: Создана башня с типом эффекта: 0
апр. 12, 2025 11:04:52 AM buildings.Tower setDesign
INFO: Внешний вид башни установлен: 🚫
апр. 12, 2025 11:04:52 AM buildings.Tower <init>
INFO: Создана башня с типом эффекта: 2
апр. 12, 2025 11:04:58 AM buildings.Tower effect
INFO: Применение эффекта башни к герою. Тип эффекта: 2
апр. 12, 2025 11:04:58 AM buildings.Tower effect
INFO: Герой пропускает ход. Осталось ходов: 39
апр. 12, 2025 11:04:59 AM buildings.Tower effect
INFO: Применение эффекта башни к герою. Тип эффекта: 2
апр. 12, 2025 11:04:59 AM buildings.Tower effect
INFO: Герой пропускает ход. Осталось ходов: 38
апр. 12, 2025 11:04:59 AM buildings.Tower effect
INFO: Применение эффекта башни к герою. Тип эффекта: 2
апр. 12, 2025 11:04:59 AM buildings.Tower effect
INFO: Герой пропускает ход. Осталось ходов: 37
апр. 12, 2025 11:05:00 AM buildings.Tower effect
INFO: Применение эффекта башни к герою. Тип эффекта: 2
апр. 12, 2025 11:05:00 AM buildings.Tower effect
INFO: Герой пропускает ход. Осталось ходов: 36
апр. 12, 2025 11:05:00 AM buildings.Tower effect
INFO: Применение эффекта башни к герою. Тип эффекта: 2
апр. 12, 2025 11:05:00 AM buildings.Tower effect
INFO: Герой пропускает ход. Осталось ходов: 35
апр. 12, 2025 11:05:00 AM buildings.Tower effect
INFO: Применение эффекта башни к герою. Тип эффекта: 2
апр. 12, 2025 11:05:00 AM buildings.Tower effect
INFO: Герой пропускает ход. Осталось ходов: 34
апр. 12, 2025 11:05:01 AM buildings.Tower effect
INFO: Применение эффекта башни к герою. Тип эффекта: 2
апр. 12, 2025 11:05:01 AM buildings.Tower effect
INFO: Герой пропускает ход. Осталось ходов: 33
апр. 12, 2025 11:05:02 AM buildings.Tower effect
INFO: Применение эффекта башни к герою. Тип эффекта: 2
апр. 12, 2025 11:05:02 AM buildings.Tower effect
INFO: Герой пропускает ход. Осталось ходов: 32
апр. 12, 2025 11:05:02 AM buildings.Tower effect
INFO: Применение эффекта башни к герою. Тип эффекта: 2
апр. 12, 2025 11:05:02 AM buildings.Tower effect
INFO: Герой пропускает ход. Осталось ходов: 31
апр. 12, 2025 11:05:02 AM buildings.Tower effect
INFO: Применение эффекта башни к герою. Тип эффекта: 2
апр. 12, 2025 11:05:02 AM buildings.Tower effect
INFO: Герой пропускает ход. Осталось ходов: 30
апр. 12, 2025 11:05:03 AM buildings.Tower effect
INFO: Применение эффекта башни к герою. Тип эффекта: 2
апр. 12, 2025 11:05:03 AM buildings.Tower effect
INFO: Герой пропускает ход. Осталось ходов: 29
апр. 12, 2025 11:05:03 AM buildings.Tower effect
INFO: Применение эффекта башни к герою. Тип эффекта: 2
апр. 12, 2025 11:05:03 AM buildings.Tower effect
INFO: Герой пропускает ход. Осталось ходов: 28
апр. 12, 2025 11:05:03 AM buildings.Tower effect
INFO: Применение эффекта башни к герою. Тип эффекта: 2
апр. 12, 2025 11:05:03 AM buildings.Tower effect
INFO: Герой пропускает ход. Осталось ходов: 27
апр. 12, 2025 11:05:03 AM buildings.Tower effect
INFO: Применение эффекта башни к герою. Тип эффекта: 2
апр. 12, 2025 11:05:03 AM buildings.Tower effect
INFO: Герой пропускает ход. Осталось ходов: 26
апр. 12, 2025 11:05:04 AM buildings.Tower effect
INFO: Применение эффекта башни к герою. Тип эффекта: 2
апр. 12, 2025 11:05:04 AM buildings.Tower effect
INFO: Герой пропускает ход. Осталось ходов: 25
апр. 12, 2025 11:05:04 AM buildings.Tower effect
INFO: Применение эффекта башни к герою. Тип эффекта: 2
апр. 12, 2025 11:05:04 AM buildings.Tower effect
INFO: Герой пропускает ход. Осталось ходов: 24
апр. 12, 2025 11:05:04 AM buildings.Tower effect
INFO: Применение эффекта башни к герою. Тип эффекта: 2
апр. 12, 2025 11:05:04 AM buildings.Tower effect
INFO: Герой пропускает ход. Осталось ходов: 23
апр. 12, 2025 11:05:05 AM buildings.Tower effect
INFO: Применение эффекта башни к герою. Тип эффекта: 2
апр. 12, 2025 11:05:05 AM buildings.Tower effect
INFO: Герой пропускает ход. Осталось ходов: 22
апр. 12, 2025 11:05:05 AM buildings.Tower effect
INFO: Применение эффекта башни к герою. Тип эффекта: 2
апр. 12, 2025 11:05:05 AM buildings.Tower effect
INFO: Герой пропускает ход. Осталось ходов: 21
апр. 12, 2025 11:05:05 AM buildings.Tower effect
INFO: Применение эффекта башни к герою. Тип эффекта: 2
апр. 12, 2025 11:05:05 AM buildings.Tower effect
INFO: Герой пропускает ход. Осталось ходов: 20
апр. 12, 2025 11:05:06 AM buildings.Tower effect
INFO: Применение эффекта башни к герою. Тип эффекта: 2
апр. 12, 2025 11:05:06 AM buildings.Tower effect
INFO: Герой пропускает ход. Осталось ходов: 19
апр. 12, 2025 11:05:06 AM buildings.Tower effect
INFO: Применение эффекта башни к герою. Тип эффекта: 2
апр. 12, 2025 11:05:06 AM buildings.Tower effect
INFO: Герой пропускает ход. Осталось ходов: 18
апр. 12, 2025 11:05:06 AM buildings.Tower effect
INFO: Применение эффекта башни к герою. Тип эффекта: 2
апр. 12, 2025 11:05:06 AM buildings.Tower effect
INFO: Герой пропускает ход. Осталось ходов: 17
апр. 12, 2025 11:05:07 AM buildings.Tower effect
INFO: Применение эффекта башни к герою. Тип эффекта: 2
апр. 12, 2025 11:05:07 AM buildings.Tower effect
INFO: Герой пропускает ход. Осталось ходов: 16
апр. 12, 2025 11:05:07 AM buildings.Tower effect
INFO: Применение эффекта башни к герою. Тип эффекта: 2
апр. 12, 2025 11:05:07 AM buildings.Tower effect
INFO: Герой пропускает ход. Осталось ходов: 15
апр. 12, 2025 11:05:07 AM buildings.Tower effect
INFO: Применение эффекта башни к герою. Тип эффекта: 2
апр. 12, 2025 11:05:07 AM buildings.Tower effect
INFO: Герой пропускает ход. Осталось ходов: 14
апр. 12, 2025 11:05:08 AM buildings.Tower effect
INFO: Применение эффекта башни к герою. Тип эффекта: 2
апр. 12, 2025 11:05:08 AM buildings.Tower effect
INFO: Герой пропускает ход. Осталось ходов: 13
апр. 12, 2025 11:05:08 AM buildings.Tower effect
INFO: Применение эффекта башни к герою. Тип эффекта: 2
апр. 12, 2025 11:05:08 AM buildings.Tower effect
INFO: Герой пропускает ход. Осталось ходов: 12
апр. 12, 2025 11:05:08 AM buildings.Tower effect
INFO: Применение эффекта башни к герою. Тип эффекта: 2
апр. 12, 2025 11:05:08 AM buildings.Tower effect
INFO: Герой пропускает ход. Осталось ходов: 11
апр. 12, 2025 11:05:08 AM buildings.Tower effect
INFO: Применение эффекта башни к герою. Тип эффекта: 2
апр. 12, 2025 11:05:08 AM buildings.Tower effect
INFO: Герой пропускает ход. Осталось ходов: 10
апр. 12, 2025 11:05:09 AM buildings.Tower effect
INFO: Применение эффекта башни к герою. Тип эффекта: 2
апр. 12, 2025 11:05:09 AM buildings.Tower effect
INFO: Герой пропускает ход. Осталось ходов: 9
апр. 12, 2025 11:05:09 AM buildings.Tower effect
INFO: Применение эффекта башни к герою. Тип эффекта: 2
апр. 12, 2025 11:05:09 AM buildings.Tower effect
INFO: Герой пропускает ход. Осталось ходов: 8
апр. 12, 2025 11:05:09 AM buildings.Tower effect
INFO: Применение эффекта башни к герою. Тип эффекта: 2
апр. 12, 2025 11:05:09 AM buildings.Tower effect
INFO: Герой пропускает ход. Осталось ходов: 7
апр. 12, 2025 11:05:10 AM buildings.Tower effect
INFO: Применение эффекта башни к герою. Тип эффекта: 2
апр. 12, 2025 11:05:10 AM buildings.Tower effect
INFO: Герой пропускает ход. Осталось ходов: 6
апр. 12, 2025 11:05:10 AM buildings.Tower effect
INFO: Применение эффекта башни к герою. Тип эффекта: 2
апр. 12, 2025 11:05:10 AM buildings.Tower effect
INFO: Герой пропускает ход. Осталось ходов: 5
апр. 12, 2025 11:05:10 AM buildings.Tower effect
INFO: Применение эффекта башни к герою. Тип эффекта: 2
апр. 12, 2025 11:05:10 AM buildings.Tower effect
INFO: Герой пропускает ход. Осталось ходов: 4
апр. 12, 2025 11:05:11 AM buildings.Tower effect
INFO: Применение эффекта башни к герою. Тип эффекта: 2
апр. 12, 2025 11:05:11 AM buildings.Tower effect
INFO: Герой пропускает ход. Осталось ходов: 3
апр. 12, 2025 11:05:12 AM buildings.Tower effect
INFO: Применение эффекта башни к герою. Тип эффекта: 2
апр. 12, 2025 11:05:12 AM buildings.Tower effect
INFO: Герой пропускает ход. Осталось ходов: 2
апр. 12, 2025 11:05:12 AM buildings.Tower effect
INFO: Применение эффекта башни к герою. Тип эффекта: 2
апр. 12, 2025 11:05:12 AM buildings.Tower effect
INFO: Герой пропускает ход. Осталось ходов: 1
апр. 12, 2025 11:05:12 AM buildings.Tower effect
INFO: Применение эффекта башни к герою. Тип эффекта: 2
апр. 12, 2025 11:05:12 AM buildings.Tower effect
INFO: Герой пропускает ход. Осталось ходов: 0
апр. 12, 2025 11:05:13 AM buildings.Tower effect
WARNING: У героя закончились ходы!
апр. 12, 2025 11:05:13 AM battlef.BattleField playerTurn
INFO: Начался ход игрока.
апр. 12, 2025 11:05:18 AM buildings.Tower setDesign
INFO: Внешний вид башни установлен: 🗡️
апр. 12, 2025 11:05:18 AM buildings.Tower <init>
INFO: Создана башня с типом эффекта: 0
апр. 12, 2025 11:05:18 AM buildings.Tower setDesign
INFO: Внешний вид башни установлен: 💖
апр. 12, 2025 11:05:18 AM buildings.Tower <init>
INFO: Создана башня с типом эффекта: 1
апр. 12, 2025 11:05:18 AM buildings.Tower setDesign
INFO: Внешний вид башни установлен: 🗡️
апр. 12, 2025 11:05:18 AM buildings.Tower <init>
INFO: Создана башня с типом эффекта: 0
апр. 12, 2025 11:05:18 AM buildings.Tower setDesign
INFO: Внешний вид башни установлен: 💖
апр. 12, 2025 11:05:18 AM buildings.Tower <init>
INFO: Создана башня с типом эффекта: 1
апр. 12, 2025 11:05:18 AM buildings.Tower setDesign
INFO: Внешний вид башни установлен: 🚫
апр. 12, 2025 11:05:18 AM buildings.Tower <init>
INFO: Создана башня с типом эффекта: 2
апр. 12, 2025 11:05:23 AM buildings.Tower effect
INFO: Применение эффекта башни к герою. Тип эффекта: 0
апр. 12, 2025 11:05:23 AM buildings.Tower effect
WARNING: Башня нанесла 5 урона герою.
апр. 12, 2025 11:05:23 AM buildings.Tower effect
INFO: Применение эффекта башни к герою. Тип эффекта: 0
апр. 12, 2025 11:05:23 AM buildings.Tower effect
WARNING: Башня нанесла 5 урона герою.
апр. 12, 2025 11:05:23 AM buildings.Tower effect
INFO: Применение эффекта башни к герою. Тип эффекта: 0
апр. 12, 2025 11:05:23 AM buildings.Tower effect
WARNING: Башня нанесла 5 урона герою.
апр. 12, 2025 11:05:24 AM buildings.Tower effect
INFO: Применение эффекта башни к герою. Тип эффекта: 0
апр. 12, 2025 11:05:24 AM buildings.Tower effect
WARNING: Башня нанесла 5 урона герою.
апр. 12, 2025 11:05:24 AM buildings.Tower effect
INFO: Применение эффекта башни к герою. Тип эффекта: 0
апр. 12, 2025 11:05:24 AM buildings.Tower effect
WARNING: Башня нанесла 5 урона герою.
апр. 12, 2025 11:05:24 AM buildings.Tower effect
INFO: Применение эффекта башни к герою. Тип эффекта: 0
апр. 12, 2025 11:05:24 AM buildings.Tower effect
WARNING: Башня нанесла 5 урона герою.
апр. 12, 2025 11:05:25 AM buildings.Tower effect
INFO: Применение эффекта башни к герою. Тип эффекта: 0
апр. 12, 2025 11:05:25 AM buildings.Tower effect
WARNING: Башня нанесла 5 урона герою.
апр. 12, 2025 11:05:25 AM buildings.Tower effect
INFO: Применение эффекта башни к герою. Тип эффекта: 0
апр. 12, 2025 11:05:25 AM buildings.Tower effect
WARNING: Башня нанесла 5 урона герою.
апр. 12, 2025 11:05:25 AM buildings.Tower effect
INFO: Применение эффекта башни к герою. Тип эффекта: 0
апр. 12, 2025 11:05:25 AM buildings.Tower effect
WARNING: Башня нанесла 5 урона герою.
апр. 12, 2025 11:05:25 AM buildings.Tower effect
INFO: Применение эффекта башни к герою. Тип эффекта: 0
апр. 12, 2025 11:05:25 AM buildings.Tower effect
WARNING: Башня нанесла 5 урона герою.
апр. 12, 2025 11:05:26 AM buildings.Tower effect
INFO: Применение эффекта башни к герою. Тип эффекта: 0
апр. 12, 2025 11:05:26 AM buildings.Tower effect
WARNING: Башня нанесла 5 урона герою.
апр. 12, 2025 11:05:26 AM buildings.Tower effect
INFO: Применение эффекта башни к герою. Тип эффекта: 0
апр. 12, 2025 11:05:26 AM buildings.Tower effect
WARNING: Башня нанесла 5 урона герою.
апр. 12, 2025 11:05:26 AM buildings.Tower effect
INFO: Применение эффекта башни к герою. Тип эффекта: 0
апр. 12, 2025 11:05:26 AM buildings.Tower effect
WARNING: Башня нанесла 5 урона герою.
апр. 12, 2025 11:05:27 AM buildings.Tower effect
INFO: Применение эффекта башни к герою. Тип эффекта: 0
апр. 12, 2025 11:05:27 AM buildings.Tower effect
WARNING: Башня нанесла 5 урона герою.
апр. 12, 2025 11:05:27 AM buildings.Tower effect
INFO: Применение эффекта башни к герою. Тип эффекта: 0
апр. 12, 2025 11:05:27 AM buildings.Tower effect
WARNING: Башня нанесла 5 урона герою.
апр. 12, 2025 11:05:27 AM buildings.Tower effect
INFO: Применение эффекта башни к герою. Тип эффекта: 0
апр. 12, 2025 11:05:27 AM buildings.Tower effect
WARNING: Башня нанесла 5 урона герою.
апр. 12, 2025 11:05:28 AM buildings.Tower effect
INFO: Применение эффекта башни к герою. Тип эффекта: 0
апр. 12, 2025 11:05:28 AM buildings.Tower effect
WARNING: Башня нанесла 5 урона герою.
апр. 12, 2025 11:05:28 AM buildings.Tower effect
INFO: Применение эффекта башни к герою. Тип эффекта: 0
апр. 12, 2025 11:05:28 AM buildings.Tower effect
WARNING: Башня нанесла 5 урона герою.
апр. 12, 2025 11:05:28 AM buildings.Tower effect
INFO: Применение эффекта башни к герою. Тип эффекта: 0
апр. 12, 2025 11:05:28 AM buildings.Tower effect
WARNING: Башня нанесла 5 урона герою.
апр. 12, 2025 11:05:29 AM buildings.Tower effect
INFO: Применение эффекта башни к герою. Тип эффекта: 0
апр. 12, 2025 11:05:29 AM Hero.Hero takeDamage
SEVERE: Ваш герой уничтожен! Игра завершена.
апр. 12, 2025 11:05:29 AM Hero.Hero endGame
SEVERE: Игра завершена.
апр. 12, 2025 11:18:01 AM buildings.Tower setDesign
INFO: Внешний вид башни установлен: 🗡️
апр. 12, 2025 11:18:01 AM buildings.Tower <init>
INFO: Создана башня с типом эффекта: 0
апр. 12, 2025 11:18:01 AM buildings.Tower setDesign
INFO: Внешний вид башни установлен: 🚫
апр. 12, 2025 11:18:01 AM buildings.Tower <init>
INFO: Создана башня с типом эффекта: 2
апр. 12, 2025 11:18:01 AM buildings.Tower setDesign
INFO: Внешний вид башни установлен: 🗡️
апр. 12, 2025 11:18:01 AM buildings.Tower <init>
INFO: Создана башня с типом эффекта: 0
апр. 12, 2025 11:18:01 AM buildings.Tower setDesign
INFO: Внешний вид башни установлен: 🗡️
апр. 12, 2025 11:18:01 AM buildings.Tower <init>
INFO: Создана башня с типом эффекта: 0
апр. 12, 2025 11:18:01 AM buildings.Tower setDesign
INFO: Внешний вид башни установлен: 💖
апр. 12, 2025 11:18:01 AM buildings.Tower <init>
INFO: Создана башня с типом эффекта: 1
апр. 12, 2025 11:18:01 AM buildings.Tower setDesign
INFO: Внешний вид башни установлен: 🚫
апр. 12, 2025 11:18:01 AM buildings.Tower <init>
INFO: Создана башня с типом эффекта: 2
апр. 12, 2025 11:18:20 AM buildings.Tower effect
INFO: Применение эффекта башни к герою. Тип эффекта: 0
апр. 12, 2025 11:18:20 AM buildings.Tower effect
WARNING: Башня нанесла 5 урона герою.
апр. 12, 2025 11:18:23 AM buildings.Tower effect
INFO: Применение эффекта башни к герою. Тип эффекта: 0
апр. 12, 2025 11:18:23 AM buildings.Tower effect
WARNING: Башня нанесла 5 урона герою.
апр. 12, 2025 11:18:24 AM buildings.Tower effect
INFO: Применение эффекта башни к герою. Тип эффекта: 0
апр. 12, 2025 11:18:24 AM buildings.Tower effect
WARNING: Башня нанесла 5 урона герою.
апр. 12, 2025 11:18:25 AM buildings.Tower effect
INFO: Применение эффекта башни к герою. Тип эффекта: 0
апр. 12, 2025 11:18:25 AM buildings.Tower effect
WARNING: Башня нанесла 5 урона герою.
апр. 12, 2025 11:18:25 AM buildings.Tower effect
INFO: Применение эффекта башни к герою. Тип эффекта: 0
апр. 12, 2025 11:18:25 AM buildings.Tower effect
WARNING: Башня нанесла 5 урона герою.
апр. 12, 2025 11:18:26 AM buildings.Tower effect
INFO: Применение эффекта башни к герою. Тип эффекта: 0
апр. 12, 2025 11:18:26 AM buildings.Tower effect
WARNING: Башня нанесла 5 урона герою.
апр. 12, 2025 11:18:27 AM buildings.Tower effect
INFO: Применение эффекта башни к герою. Тип эффекта: 0
апр. 12, 2025 11:18:27 AM buildings.Tower effect
WARNING: Башня нанесла 5 урона герою.
апр. 12, 2025 11:18:27 AM buildings.Tower effect
INFO: Применение эффекта башни к герою. Тип эффекта: 0
апр. 12, 2025 11:18:27 AM buildings.Tower effect
WARNING: Башня нанесла 5 урона герою.
апр. 12, 2025 11:18:28 AM buildings.Tower effect
INFO: Применение эффекта башни к герою. Тип эффекта: 0
апр. 12, 2025 11:18:28 AM buildings.Tower effect
WARNING: Башня нанесла 5 урона герою.
апр. 12, 2025 11:18:29 AM buildings.Tower effect
INFO: Применение эффекта башни к герою. Тип эффекта: 0
апр. 12, 2025 11:18:29 AM buildings.Tower effect
WARNING: Башня нанесла 5 урона герою.
апр. 12, 2025 11:18:30 AM buildings.Tower effect
INFO: Применение эффекта башни к герою. Тип эффекта: 0
апр. 12, 2025 11:18:30 AM buildings.Tower effect
WARNING: Башня нанесла 5 урона герою.
апр. 12, 2025 11:18:30 AM buildings.Tower effect
INFO: Применение эффекта башни к герою. Тип эффекта: 0
апр. 12, 2025 11:18:30 AM buildings.Tower effect
WARNING: Башня нанесла 5 урона герою.
апр. 12, 2025 11:18:31 AM buildings.Tower effect
INFO: Применение эффекта башни к герою. Тип эффекта: 0
апр. 12, 2025 11:18:31 AM buildings.Tower effect
WARNING: Башня нанесла 5 урона герою.
апр. 12, 2025 11:18:32 AM buildings.Tower effect
INFO: Применение эффекта башни к герою. Тип эффекта: 0
апр. 12, 2025 11:18:32 AM buildings.Tower effect
WARNING: Башня нанесла 5 урона герою.
апр. 12, 2025 11:18:32 AM buildings.Tower effect
INFO: Применение эффекта башни к герою. Тип эффекта: 0
апр. 12, 2025 11:18:32 AM buildings.Tower effect
WARNING: Башня нанесла 5 урона герою.
апр. 12, 2025 11:18:33 AM buildings.Tower effect
INFO: Применение эффекта башни к герою. Тип эффекта: 0
апр. 12, 2025 11:18:33 AM buildings.Tower effect
WARNING: Башня нанесла 5 урона герою.
апр. 12, 2025 11:18:33 AM buildings.Tower effect
INFO: Применение эффекта башни к герою. Тип эффекта: 0
апр. 12, 2025 11:18:33 AM buildings.Tower effect
WARNING: Башня нанесла 5 урона герою.
апр. 12, 2025 11:18:34 AM buildings.Tower effect
INFO: Применение эффекта башни к герою. Тип эффекта: 0
апр. 12, 2025 11:18:34 AM buildings.Tower effect
WARNING: Башня нанесла 5 урона герою.
апр. 12, 2025 11:18:35 AM buildings.Tower effect
INFO: Применение эффекта башни к герою. Тип эффекта: 0
апр. 12, 2025 11:18:35 AM buildings.Tower effect
WARNING: Башня нанесла 5 урона герою.
апр. 12, 2025 11:18:35 AM buildings.Tower effect
INFO: Применение эффекта башни к герою. Тип эффекта: 0
апр. 12, 2025 11:18:35 AM Hero.Hero takeDamage
SEVERE: Ваш герой уничтожен! Игра завершена.
апр. 12, 2025 11:18:35 AM Hero.Hero endGame
SEVERE: Игра завершена.
апр. 20, 2025 1:21:49 PM buildings.Tower setDesign
INFO: Внешний вид башни установлен: 💖
апр. 20, 2025 1:21:49 PM buildings.Tower <init>
INFO: Создана башня с типом эффекта: 1
апр. 20, 2025 1:21:49 PM buildings.Tower setDesign
INFO: Внешний вид башни установлен: 💖
апр. 20, 2025 1:21:49 PM buildings.Tower <init>
INFO: Создана башня с типом эффекта: 1
апр. 20, 2025 1:21:49 PM buildings.Tower setDesign
INFO: Внешний вид башни установлен: 💖
апр. 20, 2025 1:21:49 PM buildings.Tower <init>
INFO: Создана башня с типом эффекта: 1
апр. 20, 2025 1:21:49 PM buildings.Tower setDesign
INFO: Внешний вид башни установлен: 🗡️
апр. 20, 2025 1:21:49 PM buildings.Tower <init>
INFO: Создана башня с типом эффекта: 0
апр. 20, 2025 1:21:49 PM buildings.Tower setDesign
INFO: Внешний вид башни установлен: 🗡️
апр. 20, 2025 1:21:49 PM buildings.Tower <init>
INFO: Создана башня с типом эффекта: 0
апр. 20, 2025 1:21:49 PM buildings.Tower setDesign
INFO: Внешний вид башни установлен: 🗡️
апр. 20, 2025 1:21:49 PM buildings.Tower <init>
INFO: Создана башня с типом эффекта: 0
апр. 20, 2025 1:21:49 PM buildings.Tower setDesign
INFO: Внешний вид башни установлен: 💖
апр. 20, 2025 1:21:49 PM buildings.Tower <init>
INFO: Создана башня с типом эффекта: 1
апр. 20, 2025 1:21:49 PM buildings.Tower setDesign
INFO: Внешний вид башни установлен: 🚫
апр. 20, 2025 1:21:49 PM buildings.Tower <init>
INFO: Создана башня с типом эффекта: 2
апр. 20, 2025 2:02:02 PM buildings.Tower setDesign
INFO: Внешний вид башни установлен: 🚫
апр. 20, 2025 2:02:02 PM buildings.Tower <init>
INFO: Создана башня с типом эффекта: 2
апр. 20, 2025 2:02:02 PM buildings.Tower setDesign
INFO: Внешний вид башни установлен: 💖
апр. 20, 2025 2:02:02 PM buildings.Tower <init>
INFO: Создана башня с типом эффекта: 1
апр. 20, 2025 2:02:02 PM buildings.Tower setDesign
INFO: Внешний вид башни установлен: 🗡️
апр. 20, 2025 2:02:02 PM buildings.Tower <init>
INFO: Создана башня с типом эффекта: 0
апр. 20, 2025 2:02:02 PM buildings.Tower setDesign
INFO: Внешний вид башни установлен: 🚫
апр. 20, 2025 2:02:02 PM buildings.Tower <init>
INFO: Создана башня с типом эффекта: 2
апр. 20, 2025 2:02:02 PM buildings.Tower setDesign
INFO: Внешний вид башни установлен: 🗡️
апр. 20, 2025 2:02:02 PM buildings.Tower <init>
INFO: Создана башня с типом эффекта: 0
апр. 20, 2025 2:02:11 PM buildings.Tower effect
INFO: Применение эффекта башни к герою. Тип эффекта: 1
апр. 20, 2025 2:02:11 PM buildings.Tower effect
INFO: Башня исцелила героя на 7. Текущее здоровье: 107
апр. 20, 2025 2:02:11 PM buildings.Tower effect
SEVERE: Здоровье максимально!
апр. 25, 2025 8:23:21 PM buildings.Tower setDesign
INFO: Внешний вид башни установлен: 💖
апр. 25, 2025 8:23:21 PM buildings.Tower <init>
INFO: Создана башня с типом эффекта: 1
апр. 25, 2025 8:23:21 PM buildings.Tower setDesign
INFO: Внешний вид башни установлен: 🗡️
апр. 25, 2025 8:23:21 PM buildings.Tower <init>
INFO: Создана башня с типом эффекта: 0
апр. 25, 2025 8:23:21 PM buildings.Tower setDesign
INFO: Внешний вид башни установлен: 🚫
апр. 25, 2025 8:23:21 PM buildings.Tower <init>
INFO: Создана башня с типом эффекта: 2
апр. 25, 2025 8:23:21 PM buildings.Tower setDesign
INFO: Внешний вид башни установлен: 💖
апр. 25, 2025 8:23:21 PM buildings.Tower <init>
INFO: Создана башня с типом эффекта: 1
апр. 25, 2025 8:23:21 PM buildings.Tower setDesign
INFO: Внешний вид башни установлен: 💖
апр. 25, 2025 8:23:21 PM buildings.Tower <init>
INFO: Создана башня с типом эффекта: 1
апр. 25, 2025 8:23:26 PM buildings.Tower effect
INFO: Применение эффекта башни к герою. Тип эффекта: 1
апр. 25, 2025 8:23:26 PM buildings.Tower effect
INFO: Башня исцелила героя на 7. Текущее здоровье: 107
апр. 25, 2025 8:23:26 PM buildings.Tower effect
SEVERE: Здоровье максимально!
апр. 25, 2025 8:40:38 PM buildings.Tower setDesign
INFO: Внешний вид башни установлен: 🗡️
апр. 25, 2025 8:40:38 PM buildings.Tower <init>
INFO: Создана башня с типом эффекта: 0
апр. 25, 2025 8:40:38 PM buildings.Tower setDesign
INFO: Внешний вид башни установлен: 🚫
апр. 25, 2025 8:40:38 PM buildings.Tower <init>
INFO: Создана башня с типом эффекта: 2
апр. 25, 2025 8:40:38 PM buildings.Tower setDesign
INFO: Внешний вид башни установлен: 🗡️
апр. 25, 2025 8:40:38 PM buildings.Tower <init>
INFO: Создана башня с типом эффекта: 0
апр. 25, 2025 8:40:38 PM buildings.Tower setDesign
INFO: Внешний вид башни установлен: 💖
апр. 25, 2025 8:40:38 PM buildings.Tower <init>
INFO: Создана башня с типом эффекта: 1
апр. 25, 2025 8:40:38 PM buildings.Tower setDesign
INFO: Внешний вид башни установлен: 🗡️
апр. 25, 2025 8:40:38 PM buildings.Tower <init>
INFO: Создана башня с типом эффекта: 0
апр. 25, 2025 8:40:38 PM buildings.Tower setDesign
INFO: Внешний вид башни установлен: 💖
апр. 25, 2025 8:40:38 PM buildings.Tower <init>
INFO: Создана башня с типом эффекта: 1
апр. 25, 2025 8:40:38 PM buildings.Tower setDesign
INFO: Внешний вид башни установлен: 🗡️
апр. 25, 2025 8:40:38 PM buildings.Tower <init>
INFO: Создана башня с типом эффекта: 0
апр. 25, 2025 8:40:38 PM buildings.Tower setDesign
INFO: Внешний вид башни установлен: 🗡️
апр. 25, 2025 8:40:38 PM buildings.Tower <init>
INFO: Создана башня с типом эффекта: 0
апр. 25, 2025 8:40:47 PM buildings.Tower effect
INFO: Применение эффекта башни к герою. Тип эффекта: 1
апр. 25, 2025 8:40:47 PM buildings.Tower effect
INFO: Башня исцелила героя на 7. Текущее здоровье: 107
апр. 25, 2025 8:40:47 PM buildings.Tower effect
SEVERE: Здоровье максимально!
мая 10, 2025 12:23:50 PM buildings.Tower setDesign
INFO: Внешний вид башни установлен: 💖
мая 10, 2025 12:23:50 PM buildings.Tower <init>
INFO: Создана башня с типом эффекта: 1
мая 10, 2025 12:23:50 PM buildings.Tower setDesign
INFO: Внешний вид башни установлен: 🗡️
мая 10, 2025 12:23:50 PM buildings.Tower <init>
INFO: Создана башня с типом эффекта: 0
мая 10, 2025 12:23:50 PM buildings.Tower setDesign
INFO: Внешний вид башни установлен: 🚫
мая 10, 2025 12:23:50 PM buildings.Tower <init>
INFO: Создана башня с типом эффекта: 2
мая 10, 2025 12:23:50 PM buildings.Tower setDesign
INFO: Внешний вид башни установлен: 🗡️
мая 10, 2025 12:23:50 PM buildings.Tower <init>
INFO: Создана башня с типом эффекта: 0
мая 10, 2025 12:23:50 PM buildings.Tower setDesign
INFO: Внешний вид башни установлен: 💖
мая 10, 2025 12:23:50 PM buildings.Tower <init>
INFO: Создана башня с типом эффекта: 1
мая 10, 2025 12:23:50 PM buildings.Tower setDesign
INFO: Внешний вид башни установлен: 🚫
мая 10, 2025 12:23:50 PM buildings.Tower <init>
INFO: Создана башня с типом эффекта: 2
мая 10, 2025 12:23:50 PM buildings.Tower setDesign
INFO: Внешний вид башни установлен: 💖
мая 10, 2025 12:23:50 PM buildings.Tower <init>
INFO: Создана башня с типом эффекта: 1
мая 16, 2025 6:42:08 PM buildings.Tower setDesign
INFO: Внешний вид башни установлен: 🚫
мая 16, 2025 6:42:08 PM buildings.Tower <init>
INFO: Создана башня с типом эффекта: 2
мая 16, 2025 6:42:08 PM buildings.Tower setDesign
INFO: Внешний вид башни установлен: 💖
мая 16, 2025 6:42:08 PM buildings.Tower <init>
INFO: Создана башня с типом эффекта: 1
мая 16, 2025 6:42:08 PM buildings.Tower setDesign
INFO: Внешний вид башни установлен: 🗡️
мая 16, 2025 6:42:08 PM buildings.Tower <init>
INFO: Создана башня с типом эффекта: 0
мая 16, 2025 6:42:08 PM buildings.Tower setDesign
INFO: Внешний вид башни установлен: 🚫
мая 16, 2025 6:42:08 PM buildings.Tower <init>
INFO: Создана башня с типом эффекта: 2
мая 16, 2025 6:42:08 PM buildings.Tower setDesign
INFO: Внешний вид башни установлен: 🚫
мая 16, 2025 6:42:08 PM buildings.Tower <init>
INFO: Создана башня с типом эффекта: 2
мая 16, 2025 6:42:08 PM buildings.Tower setDesign
INFO: Внешний вид башни установлен: 🗡️
мая 16, 2025 6:42:08 PM buildings.Tower <init>
INFO: Создана башня с типом эффекта: 0
мая 16, 2025 6:42:08 PM buildings.Tower setDesign
INFO: Внешний вид башни установлен: 🚫
мая 16, 2025 6:42:08 PM buildings.Tower <init>
INFO: Создана башня с типом эффекта: 2
мая 16, 2025 6:42:08 PM buildings.Tower setDesign
INFO: Внешний вид башни установлен: 🗡️
мая 16, 2025 6:42:08 PM buildings.Tower <init>
INFO: Создана башня с типом эффекта: 0
мая 16, 2025 6:44:52 PM buildings.Tower setDesign
INFO: Внешний вид башни установлен: 🗡️
мая 16, 2025 6:44:52 PM buildings.Tower <init>
INFO: Создана башня с типом эффекта: 0
мая 16, 2025 6:44:52 PM buildings.Tower setDesign
INFO: Внешний вид башни установлен: 💖
мая 16, 2025 6:44:52 PM buildings.Tower <init>
INFO: Создана башня с типом эффекта: 1
мая 16, 2025 6:44:52 PM buildings.Tower setDesign
INFO: Внешний вид башни установлен: 💖
мая 16, 2025 6:44:52 PM buildings.Tower <init>
INFO: Создана башня с типом эффекта: 1
мая 16, 2025 6:44:52 PM buildings.Tower setDesign
INFO: Внешний вид башни установлен: 💖
мая 16, 2025 6:44:52 PM buildings.Tower <init>
INFO: Создана башня с типом эффекта: 1
мая 16, 2025 6:44:52 PM buildings.Tower setDesign
INFO: Внешний вид башни установлен: 🚫
мая 16, 2025 6:44:52 PM buildings.Tower <init>
INFO: Создана башня с типом эффекта: 2
мая 16, 2025 6:44:52 PM buildings.Tower setDesign
INFO: Внешний вид башни установлен: 💖
мая 16, 2025 6:44:52 PM buildings.Tower <init>
INFO: Создана башня с типом эффекта: 1
мая 16, 2025 6:44:52 PM buildings.Tower setDesign
INFO: Внешний вид башни установлен: 🗡️
мая 16, 2025 6:44:52 PM buildings.Tower <init>
INFO: Создана башня с типом эффекта: 0
мая 16, 2025 6:45:10 PM buildings.Tower setDesign
INFO: Внешний вид башни установлен: 🗡️
мая 16, 2025 6:45:10 PM buildings.Tower <init>
INFO: Создана башня с типом эффекта: 0
мая 16, 2025 6:45:10 PM buildings.Tower setDesign
INFO: Внешний вид башни установлен: 💖
мая 16, 2025 6:45:10 PM buildings.Tower <init>
INFO: Создана башня с типом эффекта: 1
мая 16, 2025 6:45:10 PM buildings.Tower setDesign
INFO: Внешний вид башни установлен: 🗡️
мая 16, 2025 6:45:10 PM buildings.Tower <init>
INFO: Создана башня с типом эффекта: 0
мая 16, 2025 6:45:10 PM buildings.Tower setDesign
INFO: Внешний вид башни установлен: 🗡️
мая 16, 2025 6:45:10 PM buildings.Tower <init>
INFO: Создана башня с типом эффекта: 0
мая 16, 2025 6:45:10 PM buildings.Tower setDesign
INFO: Внешний вид башни установлен: 🗡️
мая 16, 2025 6:45:10 PM buildings.Tower <init>
INFO: Создана башня с типом эффекта: 0
мая 16, 2025 6:45:10 PM buildings.Tower setDesign
INFO: Внешний вид башни установлен: 🗡️
мая 16, 2025 6:45:10 PM buildings.Tower <init>
INFO: Создана башня с типом эффекта: 0
мая 16, 2025 6:45:10 PM buildings.Tower setDesign
INFO: Внешний вид башни установлен: 🗡️
мая 16, 2025 6:45:10 PM buildings.Tower <init>
INFO: Создана башня с типом эффекта: 0
мая 16, 2025 6:45:10 PM buildings.Tower setDesign
INFO: Внешний вид башни установлен: 💖
мая 16, 2025 6:45:10 PM buildings.Tower <init>
INFO: Создана башня с типом эффекта: 1
мая 23, 2025 9:01:33 PM Hero.Hero handleUnitPurchase
INFO: Попытка покупки юнита: 2 стоимость: 30
мая 23, 2025 9:01:59 PM battlef.BattleField playerTurn
INFO: Начался ход игрока.
мая 23, 2025 9:02:13 PM battlef.BattleField enemyTurn
INFO: Враг начинает действие.
мая 23, 2025 9:02:14 PM battlef.BattleField playerTurn
INFO: Начался ход игрока.
мая 23, 2025 9:02:22 PM battlef.BattleField enemyTurn
INFO: Враг начинает действие.
мая 23, 2025 9:02:23 PM battlef.BattleField playerTurn
INFO: Начался ход игрока.
мая 23, 2025 9:02:28 PM battlef.BattleField enemyTurn
INFO: Враг начинает действие.
мая 23, 2025 9:04:01 PM Hero.Hero handleUnitPurchase
INFO: Попытка покупки юнита: 2 стоимость: 40
мая 23, 2025 9:04:22 PM battlef.BattleField playerTurn
INFO: Начался ход игрока.
мая 23, 2025 9:10:33 PM battlef.BattleField playerTurn
INFO: Начался ход игрока.
мая 23, 2025 9:20:19 PM Hero.Hero handleUnitPurchase
INFO: Попытка покупки юнита: 2 стоимость: 39
мая 23, 2025 10:49:13 PM Hero.Hero handleUnitPurchase
INFO: Попытка покупки юнита: 2 стоимость: 40
мая 23, 2025 10:49:27 PM battlef.BattleField playerTurn
INFO: Начался ход игрока.
мая 23, 2025 11:00:28 PM Hero.Hero handleUnitPurchase
INFO: Попытка покупки юнита: 2 стоимость: 40
мая 23, 2025 11:00:45 PM battlef.BattleField playerTurn
INFO: Начался ход игрока.
мая 23, 2025 11:01:30 PM battlef.BattleField playerTurn
INFO: Начался ход игрока.
мая 23, 2025 11:01:35 PM battlef.BattleField enemyTurn
INFO: Враг начинает действие.
мая 23, 2025 11:01:36 PM battlef.BattleField playerTurn
INFO: Начался ход игрока.
мая 23, 2025 11:01:44 PM battlef.BattleField enemyTurn
INFO: Враг начинает действие.
мая 23, 2025 11:01:45 PM battlef.BattleField playerTurn
INFO: Начался ход игрока.
мая 23, 2025 11:01:52 PM battlef.BattleField enemyTurn
INFO: Враг начинает действие.
мая 23, 2025 11:02:47 PM battlef.BattleField playerTurn
INFO: Начался ход игрока.
мая 23, 2025 11:02:54 PM battlef.BattleField enemyTurn
INFO: Враг начинает действие.
мая 23, 2025 11:02:55 PM battlef.BattleField playerTurn
INFO: Начался ход игрока.
мая 23, 2025 11:03:31 PM Hero.Hero handleUnitPurchase
INFO: Попытка покупки юнита: 2 стоимость: 40
мая 23, 2025 11:03:40 PM Hero.Hero handleUnitPurchase
INFO: Попытка покупки юнита: 5 стоимость: 50
мая 23, 2025 11:04:34 PM battlef.BattleField playerTurn
INFO: Начался ход игрока.
мая 23, 2025 11:05:00 PM battlef.BattleField playerTurn
INFO: Начался ход игрока.
мая 24, 2025 12:13:36 PM Hero.Hero handleUnitPurchase
INFO: Попытка покупки юнита: Y стоимость: 50
мая 24, 2025 12:13:44 PM Hero.Hero handleUnitPurchase
INFO: Попытка покупки юнита: N стоимость: 50
мая 24, 2025 12:14:05 PM Hero.Hero handleUnitPurchase
INFO: Попытка покупки юнита: Y стоимость: 30
мая 24, 2025 12:33:44 PM Hero.Hero handleUnitPurchase
INFO: Попытка покупки юнита: 2 стоимость: 40
мая 24, 2025 12:34:02 PM battlef.BattleField playerTurn
INFO: Начался ход игрока.
мая 24, 2025 3:08:38 PM battlef.BattleField playerTurn
INFO: Начался ход игрока.
мая 24, 2025 3:08:43 PM battlef.BattleField enemyTurn
INFO: Враг начинает действие.
мая 24, 2025 3:08:44 PM battlef.BattleField playerTurn
INFO: Начался ход игрока.
мая 24, 2025 3:08:51 PM battlef.BattleField enemyTurn
INFO: Враг начинает действие.
мая 24, 2025 3:08:52 PM battlef.BattleField playerTurn
INFO: Начался ход игрока.
мая 24, 2025 3:08:58 PM battlef.BattleField enemyTurn
INFO: Враг начинает действие.
мая 24, 2025 3:28:00 PM battlef.BattleField playerTurn
INFO: Начался ход игрока.
мая 24, 2025 3:28:05 PM battlef.BattleField enemyTurn
INFO: Враг начинает действие.
мая 24, 2025 3:28:06 PM battlef.BattleField playerTurn
INFO: Начался ход игрока.
мая 24, 2025 3:28:11 PM battlef.BattleField enemyTurn
INFO: Враг начинает действие.
мая 24, 2025 3:28:12 PM battlef.BattleField playerTurn
INFO: Начался ход игрока.
мая 24, 2025 3:28:16 PM battlef.BattleField enemyTurn
INFO: Враг начинает действие.
мая 24, 2025 3:43:37 PM Hero.Hero handleUnitPurchase
INFO: Попытка покупки юнита: 2 стоимость: 40
мая 24, 2025 3:43:52 PM battlef.BattleField playerTurn
INFO: Начался ход игрока.
